<?xml version="1.0" encoding="UTF-8"?>
<!-- Generated by org.testng.reporters.JUnitReportReporter -->
<testsuite skipped="0" hostname="DESKTOP-SQ6FNHF" name="com.webapp.testcases.NewDelhiWeatherDetails" tests="1" failures="0" timestamp="2020-11-28T12:05:30 IST" time="164.720" errors="0">
  <testcase name="test" time="164.720" classname="com.webapp.testcases.NewDelhiWeatherDetails"/>
  <system-out/>
</testsuite> <!-- com.webapp.testcases.NewDelhiWeatherDetails -->
